internal/modules/cjs/loader.js:979
  throw err;
  ^

Error: Cannot find module 'C:\Users\SERVIDOR\Documents\trans agua\frontend'
    at Function.Module._resolveFilename (internal/modules/cjs/loader.js:976:15)
    at Function.Module._load (internal/modules/cjs/loader.js:859:27)
    at Function.executeUserEntryPoint [as runMain] (internal/modules/run_main.js:71:12)
    at internal/main/run_main_module.js:17:47 {
  code: 'MODULE_NOT_FOUND',
  requireStack: []
}
internal/modules/cjs/loader.js:979
  throw err;
  ^

Error: Cannot find module 'C:\Users\SERVIDOR\Documents\trans agua\frontend'
    at Function.Module._resolveFilename (internal/modules/cjs/loader.js:976:15)
    at Function.Module._load (internal/modules/cjs/loader.js:859:27)
    at Function.executeUserEntryPoint [as runMain] (internal/modules/run_main.js:71:12)
    at internal/main/run_main_module.js:17:47 {
  code: 'MODULE_NOT_FOUND',
  requireStack: []
}
internal/modules/cjs/loader.js:979
  throw err;
  ^

Error: Cannot find module 'C:\Users\SERVIDOR\Documents\trans agua\frontend'
    at Function.Module._resolveFilename (internal/modules/cjs/loader.js:976:15)
    at Function.Module._load (internal/modules/cjs/loader.js:859:27)
    at Function.executeUserEntryPoint [as runMain] (internal/modules/run_main.js:71:12)
    at internal/main/run_main_module.js:17:47 {
  code: 'MODULE_NOT_FOUND',
  requireStack: []
}
internal/modules/cjs/loader.js:979
  throw err;
  ^

Error: Cannot find module 'C:\Users\SERVIDOR\Documents\trans agua\frontend'
    at Function.Module._resolveFilename (internal/modules/cjs/loader.js:976:15)
    at Function.Module._load (internal/modules/cjs/loader.js:859:27)
    at Function.executeUserEntryPoint [as runMain] (internal/modules/run_main.js:71:12)
    at internal/main/run_main_module.js:17:47 {
  code: 'MODULE_NOT_FOUND',
  requireStack: []
}
internal/modules/cjs/loader.js:979
  throw err;
  ^

Error: Cannot find module 'C:\Users\SERVIDOR\Documents\trans agua\frontend'
    at Function.Module._resolveFilename (internal/modules/cjs/loader.js:976:15)
    at Function.Module._load (internal/modules/cjs/loader.js:859:27)
    at Function.executeUserEntryPoint [as runMain] (internal/modules/run_main.js:71:12)
    at internal/main/run_main_module.js:17:47 {
  code: 'MODULE_NOT_FOUND',
  requireStack: []
}
internal/modules/cjs/loader.js:979
  throw err;
  ^

Error: Cannot find module 'C:\Users\SERVIDOR\Documents\trans agua\frontend'
    at Function.Module._resolveFilename (internal/modules/cjs/loader.js:976:15)
    at Function.Module._load (internal/modules/cjs/loader.js:859:27)
    at Function.executeUserEntryPoint [as runMain] (internal/modules/run_main.js:71:12)
    at internal/main/run_main_module.js:17:47 {
  code: 'MODULE_NOT_FOUND',
  requireStack: []
}
internal/modules/cjs/loader.js:979
  throw err;
  ^

Error: Cannot find module 'C:\Users\SERVIDOR\Documents\trans agua\frontend'
    at Function.Module._resolveFilename (internal/modules/cjs/loader.js:976:15)
    at Function.Module._load (internal/modules/cjs/loader.js:859:27)
    at Function.executeUserEntryPoint [as runMain] (internal/modules/run_main.js:71:12)
    at internal/main/run_main_module.js:17:47 {
  code: 'MODULE_NOT_FOUND',
  requireStack: []
}
internal/modules/cjs/loader.js:979
  throw err;
  ^

Error: Cannot find module 'C:\Users\SERVIDOR\Documents\trans agua\frontend'
    at Function.Module._resolveFilename (internal/modules/cjs/loader.js:976:15)
    at Function.Module._load (internal/modules/cjs/loader.js:859:27)
    at Function.executeUserEntryPoint [as runMain] (internal/modules/run_main.js:71:12)
    at internal/main/run_main_module.js:17:47 {
  code: 'MODULE_NOT_FOUND',
  requireStack: []
}
internal/modules/cjs/loader.js:979
  throw err;
  ^

Error: Cannot find module 'C:\Users\SERVIDOR\Documents\trans agua\frontend'
    at Function.Module._resolveFilename (internal/modules/cjs/loader.js:976:15)
    at Function.Module._load (internal/modules/cjs/loader.js:859:27)
    at Function.executeUserEntryPoint [as runMain] (internal/modules/run_main.js:71:12)
    at internal/main/run_main_module.js:17:47 {
  code: 'MODULE_NOT_FOUND',
  requireStack: []
}
internal/modules/cjs/loader.js:979
  throw err;
  ^

Error: Cannot find module 'C:\Users\SERVIDOR\Documents\trans agua\frontend'
    at Function.Module._resolveFilename (internal/modules/cjs/loader.js:976:15)
    at Function.Module._load (internal/modules/cjs/loader.js:859:27)
    at Function.executeUserEntryPoint [as runMain] (internal/modules/run_main.js:71:12)
    at internal/main/run_main_module.js:17:47 {
  code: 'MODULE_NOT_FOUND',
  requireStack: []
}
internal/modules/cjs/loader.js:979
  throw err;
  ^

Error: Cannot find module 'C:\Users\SERVIDOR\Documents\trans agua\frontend'
    at Function.Module._resolveFilename (internal/modules/cjs/loader.js:976:15)
    at Function.Module._load (internal/modules/cjs/loader.js:859:27)
    at Function.executeUserEntryPoint [as runMain] (internal/modules/run_main.js:71:12)
    at internal/main/run_main_module.js:17:47 {
  code: 'MODULE_NOT_FOUND',
  requireStack: []
}
internal/modules/cjs/loader.js:979
  throw err;
  ^

Error: Cannot find module 'C:\Users\SERVIDOR\Documents\trans agua\frontend'
    at Function.Module._resolveFilename (internal/modules/cjs/loader.js:976:15)
    at Function.Module._load (internal/modules/cjs/loader.js:859:27)
    at Function.executeUserEntryPoint [as runMain] (internal/modules/run_main.js:71:12)
    at internal/main/run_main_module.js:17:47 {
  code: 'MODULE_NOT_FOUND',
  requireStack: []
}
internal/modules/cjs/loader.js:979
  throw err;
  ^

Error: Cannot find module 'C:\Users\SERVIDOR\Documents\trans agua\frontend'
    at Function.Module._resolveFilename (internal/modules/cjs/loader.js:976:15)
    at Function.Module._load (internal/modules/cjs/loader.js:859:27)
    at Function.executeUserEntryPoint [as runMain] (internal/modules/run_main.js:71:12)
    at internal/main/run_main_module.js:17:47 {
  code: 'MODULE_NOT_FOUND',
  requireStack: []
}
internal/modules/cjs/loader.js:979
  throw err;
  ^

Error: Cannot find module 'C:\Users\SERVIDOR\Documents\trans agua\frontend'
    at Function.Module._resolveFilename (internal/modules/cjs/loader.js:976:15)
    at Function.Module._load (internal/modules/cjs/loader.js:859:27)
    at Function.executeUserEntryPoint [as runMain] (internal/modules/run_main.js:71:12)
    at internal/main/run_main_module.js:17:47 {
  code: 'MODULE_NOT_FOUND',
  requireStack: []
}
internal/modules/cjs/loader.js:979
  throw err;
  ^

Error: Cannot find module 'C:\Users\SERVIDOR\Documents\trans agua\frontend'
    at Function.Module._resolveFilename (internal/modules/cjs/loader.js:976:15)
    at Function.Module._load (internal/modules/cjs/loader.js:859:27)
    at Function.executeUserEntryPoint [as runMain] (internal/modules/run_main.js:71:12)
    at internal/main/run_main_module.js:17:47 {
  code: 'MODULE_NOT_FOUND',
  requireStack: []
}
internal/modules/cjs/loader.js:979
  throw err;
  ^

Error: Cannot find module 'C:\Users\SERVIDOR\Documents\trans agua\frontend'
    at Function.Module._resolveFilename (internal/modules/cjs/loader.js:976:15)
    at Function.Module._load (internal/modules/cjs/loader.js:859:27)
    at Function.executeUserEntryPoint [as runMain] (internal/modules/run_main.js:71:12)
    at internal/main/run_main_module.js:17:47 {
  code: 'MODULE_NOT_FOUND',
  requireStack: []
}
internal/modules/cjs/loader.js:979
  throw err;
  ^

Error: Cannot find module 'C:\Users\SERVIDOR\Documents\trans agua\frontend'
    at Function.Module._resolveFilename (internal/modules/cjs/loader.js:976:15)
    at Function.Module._load (internal/modules/cjs/loader.js:859:27)
    at Function.executeUserEntryPoint [as runMain] (internal/modules/run_main.js:71:12)
    at internal/main/run_main_module.js:17:47 {
  code: 'MODULE_NOT_FOUND',
  requireStack: []
}
internal/modules/cjs/loader.js:979
  throw err;
  ^

Error: Cannot find module 'C:\Users\SERVIDOR\Documents\trans agua\frontend'
    at Function.Module._resolveFilename (internal/modules/cjs/loader.js:976:15)
    at Function.Module._load (internal/modules/cjs/loader.js:859:27)
    at Function.executeUserEntryPoint [as runMain] (internal/modules/run_main.js:71:12)
    at internal/main/run_main_module.js:17:47 {
  code: 'MODULE_NOT_FOUND',
  requireStack: []
}
internal/modules/cjs/loader.js:979
  throw err;
  ^

Error: Cannot find module 'C:\Users\SERVIDOR\Documents\trans agua\frontend'
    at Function.Module._resolveFilename (internal/modules/cjs/loader.js:976:15)
    at Function.Module._load (internal/modules/cjs/loader.js:859:27)
    at Function.executeUserEntryPoint [as runMain] (internal/modules/run_main.js:71:12)
    at internal/main/run_main_module.js:17:47 {
  code: 'MODULE_NOT_FOUND',
  requireStack: []
}
internal/modules/cjs/loader.js:979
  throw err;
  ^

Error: Cannot find module 'C:\Users\SERVIDOR\Documents\trans agua\frontend'
    at Function.Module._resolveFilename (internal/modules/cjs/loader.js:976:15)
    at Function.Module._load (internal/modules/cjs/loader.js:859:27)
    at Function.executeUserEntryPoint [as runMain] (internal/modules/run_main.js:71:12)
    at internal/main/run_main_module.js:17:47 {
  code: 'MODULE_NOT_FOUND',
  requireStack: []
}
internal/modules/cjs/loader.js:979
  throw err;
  ^

Error: Cannot find module 'C:\Users\SERVIDOR\Documents\trans agua\frontend'
    at Function.Module._resolveFilename (internal/modules/cjs/loader.js:976:15)
    at Function.Module._load (internal/modules/cjs/loader.js:859:27)
    at Function.executeUserEntryPoint [as runMain] (internal/modules/run_main.js:71:12)
    at internal/main/run_main_module.js:17:47 {
  code: 'MODULE_NOT_FOUND',
  requireStack: []
}
internal/modules/cjs/loader.js:979
  throw err;
  ^

Error: Cannot find module 'C:\Users\SERVIDOR\Documents\trans agua\frontend'
    at Function.Module._resolveFilename (internal/modules/cjs/loader.js:976:15)
    at Function.Module._load (internal/modules/cjs/loader.js:859:27)
    at Function.executeUserEntryPoint [as runMain] (internal/modules/run_main.js:71:12)
    at internal/main/run_main_module.js:17:47 {
  code: 'MODULE_NOT_FOUND',
  requireStack: []
}
internal/modules/cjs/loader.js:979
  throw err;
  ^

Error: Cannot find module 'C:\Users\SERVIDOR\Documents\trans agua\frontend'
    at Function.Module._resolveFilename (internal/modules/cjs/loader.js:976:15)
    at Function.Module._load (internal/modules/cjs/loader.js:859:27)
    at Function.executeUserEntryPoint [as runMain] (internal/modules/run_main.js:71:12)
    at internal/main/run_main_module.js:17:47 {
  code: 'MODULE_NOT_FOUND',
  requireStack: []
}
internal/modules/cjs/loader.js:979
  throw err;
  ^

Error: Cannot find module 'C:\Users\SERVIDOR\Documents\trans agua\frontend'
    at Function.Module._resolveFilename (internal/modules/cjs/loader.js:976:15)
    at Function.Module._load (internal/modules/cjs/loader.js:859:27)
    at Function.executeUserEntryPoint [as runMain] (internal/modules/run_main.js:71:12)
    at internal/main/run_main_module.js:17:47 {
  code: 'MODULE_NOT_FOUND',
  requireStack: []
}
internal/modules/cjs/loader.js:979
  throw err;
  ^

Error: Cannot find module 'C:\Users\SERVIDOR\Documents\trans agua\frontend'
    at Function.Module._resolveFilename (internal/modules/cjs/loader.js:976:15)
    at Function.Module._load (internal/modules/cjs/loader.js:859:27)
    at Function.executeUserEntryPoint [as runMain] (internal/modules/run_main.js:71:12)
    at internal/main/run_main_module.js:17:47 {
  code: 'MODULE_NOT_FOUND',
  requireStack: []
}
internal/modules/cjs/loader.js:979
  throw err;
  ^

Error: Cannot find module 'C:\Users\SERVIDOR\Documents\trans agua\frontend'
    at Function.Module._resolveFilename (internal/modules/cjs/loader.js:976:15)
    at Function.Module._load (internal/modules/cjs/loader.js:859:27)
    at Function.executeUserEntryPoint [as runMain] (internal/modules/run_main.js:71:12)
    at internal/main/run_main_module.js:17:47 {
  code: 'MODULE_NOT_FOUND',
  requireStack: []
}
internal/modules/cjs/loader.js:979
  throw err;
  ^

Error: Cannot find module 'C:\Users\SERVIDOR\Documents\trans agua\frontend'
    at Function.Module._resolveFilename (internal/modules/cjs/loader.js:976:15)
    at Function.Module._load (internal/modules/cjs/loader.js:859:27)
    at Function.executeUserEntryPoint [as runMain] (internal/modules/run_main.js:71:12)
    at internal/main/run_main_module.js:17:47 {
  code: 'MODULE_NOT_FOUND',
  requireStack: []
}
internal/modules/cjs/loader.js:979
  throw err;
  ^

Error: Cannot find module 'C:\Users\SERVIDOR\Documents\trans agua\frontend'
    at Function.Module._resolveFilename (internal/modules/cjs/loader.js:976:15)
    at Function.Module._load (internal/modules/cjs/loader.js:859:27)
    at Function.executeUserEntryPoint [as runMain] (internal/modules/run_main.js:71:12)
    at internal/main/run_main_module.js:17:47 {
  code: 'MODULE_NOT_FOUND',
  requireStack: []
}
internal/modules/cjs/loader.js:979
  throw err;
  ^

Error: Cannot find module 'C:\Users\SERVIDOR\Documents\trans agua\frontend'
    at Function.Module._resolveFilename (internal/modules/cjs/loader.js:976:15)
    at Function.Module._load (internal/modules/cjs/loader.js:859:27)
    at Function.executeUserEntryPoint [as runMain] (internal/modules/run_main.js:71:12)
    at internal/main/run_main_module.js:17:47 {
  code: 'MODULE_NOT_FOUND',
  requireStack: []
}
internal/modules/cjs/loader.js:979
  throw err;
  ^

Error: Cannot find module 'C:\Users\SERVIDOR\Documents\trans agua\frontend'
    at Function.Module._resolveFilename (internal/modules/cjs/loader.js:976:15)
    at Function.Module._load (internal/modules/cjs/loader.js:859:27)
    at Function.executeUserEntryPoint [as runMain] (internal/modules/run_main.js:71:12)
    at internal/main/run_main_module.js:17:47 {
  code: 'MODULE_NOT_FOUND',
  requireStack: []
}
